Using pre-set license
Built from '2020.3/staging' branch; Version is '2020.3.10f1 (297d780c91bc) revision 2719096'; Using compiler version '192528614'; Build Type 'Release'
OS: 'Windows 10 Pro; OS build 19043.1237; Version 2009; 64bit' Language: 'pt' Physical Memory: 16333 MB
BatchMode: 1, IsHumanControllingUs: 0, StartBugReporterOnCrash: 0, Is64bit: 1, IsPro: 0

 COMMAND LINE ARGUMENTS:
D:\Programas\Unity\2020.3.10f1\Editor\Unity.exe
-adb2
-batchMode
-noUpm
-name
AssetImportWorker0
-projectPath
E:/PCBJ/PCBJ---Jodo-da-Forca/Jogo Forca
-logFile
Logs/AssetImportWorker0.log
-srvPort
65135
Successfully changed project path to: E:/PCBJ/PCBJ---Jodo-da-Forca/Jogo Forca
E:/PCBJ/PCBJ---Jodo-da-Forca/Jogo Forca
Using Asset Import Pipeline V2.
Refreshing native plugins compatible for Editor in 32.78 ms, found 3 plugins.
Preloading 0 native plugins for Editor in 0.00 ms.
Initialize engine version: 2020.3.10f1 (297d780c91bc)
[Subsystems] Discovering subsystems at path D:/Programas/Unity/2020.3.10f1/Editor/Data/Resources/UnitySubsystems
[Subsystems] Discovering subsystems at path E:/PCBJ/PCBJ---Jodo-da-Forca/Jogo Forca/Assets
GfxDevice: creating device client; threaded=0
Direct3D:
    Version:  Direct3D 11.0 [level 11.1]
    Renderer: NVIDIA GeForce RTX 2060 (ID=0x1f08)
    Vendor:   
    VRAM:     5980 MB
    Driver:   30.0.14.7168
Initialize mono
Mono path[0] = 'D:/Programas/Unity/2020.3.10f1/Editor/Data/Managed'
Mono path[1] = 'D:/Programas/Unity/2020.3.10f1/Editor/Data/MonoBleedingEdge/lib/mono/unityjit'
Mono config path = 'D:/Programas/Unity/2020.3.10f1/Editor/Data/MonoBleedingEdge/etc'
Using monoOptions --debugger-agent=transport=dt_socket,embedding=1,server=y,suspend=n,address=127.0.0.1:56252
Begin MonoManager ReloadAssembly
Registering precompiled unity dll's ...
Register platform support module: D:/Programas/Unity/2020.3.10f1/Editor/Data/PlaybackEngines/WebGLSupport/UnityEditor.WebGL.Extensions.dll
Register platform support module: D:/Programas/Unity/2020.3.10f1/Editor/Data/PlaybackEngines/WindowsStandaloneSupport/UnityEditor.WindowsStandalone.Extensions.dll
Registered in 0.001001 seconds.
Native extension for WindowsStandalone target not found
Native extension for WebGL target not found
Refreshing native plugins compatible for Editor in 32.27 ms, found 3 plugins.
Preloading 0 native plugins for Editor in 0.00 ms.
Mono: successfully reloaded assembly
- Completed reload, in  1.231 seconds
Platform modules already initialized, skipping
Registering precompiled user dll's ...
Registered in 0.002168 seconds.
Begin MonoManager ReloadAssembly
Native extension for WindowsStandalone target not found
Native extension for WebGL target not found
Refreshing native plugins compatible for Editor in 31.61 ms, found 3 plugins.
Preloading 0 native plugins for Editor in 0.00 ms.
Mono: successfully reloaded assembly
- Completed reload, in  0.886 seconds
Platform modules already initialized, skipping
========================================================================
Worker process is ready to serve import requests
Launched and connected shader compiler UnityShaderCompiler.exe after 0.04 seconds
Refreshing native plugins compatible for Editor in 0.37 ms, found 3 plugins.
Preloading 0 native plugins for Editor in 0.00 ms.
Unloading 2081 Unused Serialized files (Serialized files now loaded: 0)
System memory in use before: 92.9 MB.
System memory in use after: 92.8 MB.

Unloading 33 unused Assets to reduce memory usage. Loaded Objects now: 2515.
Total: 2.066700 ms (FindLiveObjects: 0.166700 ms CreateObjectMapping: 0.059100 ms MarkObjects: 1.738300 ms  DeleteObjects: 0.102000 ms)

========================================================================
Received Import Request.
  path: Assets/Scenes/startScene.unity
  artifactKey: Guid(10569b59720dd064cbf7ef0ff47503ec) Importer(815301076,1909f56bfc062723c751e8b465ee728b)
Start importing Assets/Scenes/startScene.unity using Guid(10569b59720dd064cbf7ef0ff47503ec) Importer(815301076,1909f56bfc062723c751e8b465ee728b)  -> (artifact id: '6bb476609314cd708542c8c02c4f58c3') in 0.029723 seconds
  Import took 0.032442 seconds .

========================================================================
Received Import Request.
  Time since last request: 110.891355 seconds.
  path: Assets/Scenes/gameScene.unity
  artifactKey: Guid(2d902cf4bcf06584496eff3792b3001a) Importer(815301076,1909f56bfc062723c751e8b465ee728b)
Start importing Assets/Scenes/gameScene.unity using Guid(2d902cf4bcf06584496eff3792b3001a) Importer(815301076,1909f56bfc062723c751e8b465ee728b)  -> (artifact id: '251882ab6b2eebba36a794b29ef77b8f') in 0.001665 seconds
  Import took 0.005031 seconds .

========================================================================
Received Import Request.
  Time since last request: 12.131855 seconds.
  path: Assets/Scripts
  artifactKey: Guid(9b413e0441c778c42878343412dcc89b) Importer(815301076,1909f56bfc062723c751e8b465ee728b)
Start importing Assets/Scripts using Guid(9b413e0441c778c42878343412dcc89b) Importer(815301076,1909f56bfc062723c751e8b465ee728b)  -> (artifact id: 'a8c7fcf3e9d16f3f76b5b609c3d31462') in 0.000872 seconds
  Import took 0.003694 seconds .

========================================================================
Received Import Request.
  Time since last request: 1.788570 seconds.
  path: Assets/Scripts/GameManager.cs
  artifactKey: Guid(726d15857f6ff1c4d89d7fef1f3c782d) Importer(815301076,1909f56bfc062723c751e8b465ee728b)
Start importing Assets/Scripts/GameManager.cs using Guid(726d15857f6ff1c4d89d7fef1f3c782d) Importer(815301076,1909f56bfc062723c751e8b465ee728b)  -> (artifact id: '43f95aeb06172b05a57d9d379e06591b') in 0.061446 seconds
  Import took 0.064116 seconds .

========================================================================
Received Prepare
Registering precompiled user dll's ...
Registered in 0.002827 seconds.
Begin MonoManager ReloadAssembly
Native extension for WindowsStandalone target not found
Native extension for WebGL target not found
Refreshing native plugins compatible for Editor in 0.38 ms, found 3 plugins.
Preloading 0 native plugins for Editor in 0.00 ms.
Mono: successfully reloaded assembly
- Completed reload, in  0.828 seconds
Platform modules already initialized, skipping
Refreshing native plugins compatible for Editor in 0.38 ms, found 3 plugins.
Preloading 0 native plugins for Editor in 0.00 ms.
Unloading 2076 Unused Serialized files (Serialized files now loaded: 0)
System memory in use before: 92.8 MB.
System memory in use after: 92.8 MB.

Unloading 21 unused Assets to reduce memory usage. Loaded Objects now: 2519.
Total: 1.962500 ms (FindLiveObjects: 0.146600 ms CreateObjectMapping: 0.062300 ms MarkObjects: 1.610800 ms  DeleteObjects: 0.142000 ms)

========================================================================
Received Import Request.
  Time since last request: 394.973782 seconds.
  path: Assets/Scripts/GameManager.cs
  artifactKey: Guid(726d15857f6ff1c4d89d7fef1f3c782d) Importer(815301076,1909f56bfc062723c751e8b465ee728b)
Start importing Assets/Scripts/GameManager.cs using Guid(726d15857f6ff1c4d89d7fef1f3c782d) Importer(815301076,1909f56bfc062723c751e8b465ee728b)  -> (artifact id: '3e748569c3b7e3760dc1cd9caacf143f') in 0.003348 seconds
  Import took 0.006026 seconds .

========================================================================
Received Prepare
Registering precompiled user dll's ...
Registered in 0.002667 seconds.
Begin MonoManager ReloadAssembly
Native extension for WindowsStandalone target not found
Native extension for WebGL target not found
Refreshing native plugins compatible for Editor in 0.44 ms, found 3 plugins.
Preloading 0 native plugins for Editor in 0.00 ms.
Mono: successfully reloaded assembly
- Completed reload, in  0.818 seconds
Platform modules already initialized, skipping
Refreshing native plugins compatible for Editor in 0.43 ms, found 3 plugins.
Preloading 0 native plugins for Editor in 0.00 ms.
Unloading 2076 Unused Serialized files (Serialized files now loaded: 0)
System memory in use before: 92.9 MB.
System memory in use after: 92.9 MB.

Unloading 21 unused Assets to reduce memory usage. Loaded Objects now: 2523.
Total: 1.919300 ms (FindLiveObjects: 0.230400 ms CreateObjectMapping: 0.079300 ms MarkObjects: 1.521500 ms  DeleteObjects: 0.087000 ms)

========================================================================
Received Import Request.
  Time since last request: 129.470265 seconds.
  path: Assets/Scripts/GameManager.cs
  artifactKey: Guid(726d15857f6ff1c4d89d7fef1f3c782d) Importer(815301076,1909f56bfc062723c751e8b465ee728b)
Start importing Assets/Scripts/GameManager.cs using Guid(726d15857f6ff1c4d89d7fef1f3c782d) Importer(815301076,1909f56bfc062723c751e8b465ee728b)  -> (artifact id: 'ad6d2ca42974275f4ae274e994ffae9d') in 0.003225 seconds
  Import took 0.005699 seconds .

========================================================================
Received Prepare
Registering precompiled user dll's ...
Registered in 0.002173 seconds.
Begin MonoManager ReloadAssembly
Native extension for WindowsStandalone target not found
Native extension for WebGL target not found
Refreshing native plugins compatible for Editor in 0.45 ms, found 3 plugins.
Preloading 0 native plugins for Editor in 0.00 ms.
Mono: successfully reloaded assembly
- Completed reload, in  0.796 seconds
Platform modules already initialized, skipping
Refreshing native plugins compatible for Editor in 0.41 ms, found 3 plugins.
Preloading 0 native plugins for Editor in 0.00 ms.
Unloading 2076 Unused Serialized files (Serialized files now loaded: 0)
System memory in use before: 92.9 MB.
System memory in use after: 92.9 MB.

Unloading 21 unused Assets to reduce memory usage. Loaded Objects now: 2527.
Total: 2.156500 ms (FindLiveObjects: 0.155100 ms CreateObjectMapping: 0.065500 ms MarkObjects: 1.815500 ms  DeleteObjects: 0.119500 ms)

========================================================================
Received Import Request.
  Time since last request: 277.430522 seconds.
  path: Assets/Scenes
  artifactKey: Guid(7d6f1849fc9e78f42855a5676e3d1f10) Importer(815301076,1909f56bfc062723c751e8b465ee728b)
Start importing Assets/Scenes using Guid(7d6f1849fc9e78f42855a5676e3d1f10) Importer(815301076,1909f56bfc062723c751e8b465ee728b)  -> (artifact id: '6d06ead28b1de7f3e71ba02481b520dd') in 0.004234 seconds
  Import took 0.007400 seconds .

========================================================================
Received Prepare
Registering precompiled user dll's ...
Registered in 0.002124 seconds.
Begin MonoManager ReloadAssembly
Native extension for WindowsStandalone target not found
Native extension for WebGL target not found
Refreshing native plugins compatible for Editor in 0.40 ms, found 3 plugins.
Preloading 0 native plugins for Editor in 0.00 ms.
Mono: successfully reloaded assembly
- Completed reload, in  0.793 seconds
Platform modules already initialized, skipping
Refreshing native plugins compatible for Editor in 0.37 ms, found 3 plugins.
Preloading 0 native plugins for Editor in 0.00 ms.
Unloading 2076 Unused Serialized files (Serialized files now loaded: 0)
System memory in use before: 92.9 MB.
System memory in use after: 92.9 MB.

Unloading 21 unused Assets to reduce memory usage. Loaded Objects now: 2531.
Total: 2.059500 ms (FindLiveObjects: 0.176000 ms CreateObjectMapping: 0.061900 ms MarkObjects: 1.691200 ms  DeleteObjects: 0.129700 ms)

========================================================================
Received Prepare
Registering precompiled user dll's ...
Registered in 0.002091 seconds.
Begin MonoManager ReloadAssembly
Native extension for WindowsStandalone target not found
Native extension for WebGL target not found
Refreshing native plugins compatible for Editor in 0.38 ms, found 3 plugins.
Preloading 0 native plugins for Editor in 0.00 ms.
Mono: successfully reloaded assembly
- Completed reload, in  0.816 seconds
Platform modules already initialized, skipping
Refreshing native plugins compatible for Editor in 0.37 ms, found 3 plugins.
Preloading 0 native plugins for Editor in 0.00 ms.
Unloading 2076 Unused Serialized files (Serialized files now loaded: 0)
System memory in use before: 92.9 MB.
System memory in use after: 92.9 MB.

Unloading 21 unused Assets to reduce memory usage. Loaded Objects now: 2535.
Total: 2.039700 ms (FindLiveObjects: 0.186900 ms CreateObjectMapping: 0.059300 ms MarkObjects: 1.704100 ms  DeleteObjects: 0.088700 ms)

========================================================================
Received Prepare
Registering precompiled user dll's ...
Registered in 0.002174 seconds.
Begin MonoManager ReloadAssembly
Native extension for WindowsStandalone target not found
Native extension for WebGL target not found
Refreshing native plugins compatible for Editor in 0.38 ms, found 3 plugins.
Preloading 0 native plugins for Editor in 0.00 ms.
Mono: successfully reloaded assembly
- Completed reload, in  0.818 seconds
Platform modules already initialized, skipping
Refreshing native plugins compatible for Editor in 0.59 ms, found 3 plugins.
Preloading 0 native plugins for Editor in 0.00 ms.
Unloading 2076 Unused Serialized files (Serialized files now loaded: 0)
System memory in use before: 92.9 MB.
System memory in use after: 92.9 MB.

Unloading 21 unused Assets to reduce memory usage. Loaded Objects now: 2539.
Total: 2.175300 ms (FindLiveObjects: 0.185500 ms CreateObjectMapping: 0.059100 ms MarkObjects: 1.804800 ms  DeleteObjects: 0.125000 ms)

========================================================================
Received Prepare
Registering precompiled user dll's ...
Registered in 0.003237 seconds.
Begin MonoManager ReloadAssembly
Native extension for WindowsStandalone target not found
Native extension for WebGL target not found
Refreshing native plugins compatible for Editor in 0.52 ms, found 3 plugins.
Preloading 0 native plugins for Editor in 0.00 ms.
Mono: successfully reloaded assembly
- Completed reload, in  0.955 seconds
Platform modules already initialized, skipping
Refreshing native plugins compatible for Editor in 0.47 ms, found 3 plugins.
Preloading 0 native plugins for Editor in 0.00 ms.
Unloading 2076 Unused Serialized files (Serialized files now loaded: 0)
System memory in use before: 93.0 MB.
System memory in use after: 92.9 MB.

Unloading 21 unused Assets to reduce memory usage. Loaded Objects now: 2543.
Total: 2.329700 ms (FindLiveObjects: 0.181600 ms CreateObjectMapping: 0.088800 ms MarkObjects: 1.955700 ms  DeleteObjects: 0.102500 ms)

========================================================================
Received Prepare
Registering precompiled user dll's ...
Registered in 0.002194 seconds.
Begin MonoManager ReloadAssembly
Native extension for WindowsStandalone target not found
Native extension for WebGL target not found
Refreshing native plugins compatible for Editor in 0.45 ms, found 3 plugins.
Preloading 0 native plugins for Editor in 0.00 ms.
Mono: successfully reloaded assembly
- Completed reload, in  0.957 seconds
Platform modules already initialized, skipping
Refreshing native plugins compatible for Editor in 0.44 ms, found 3 plugins.
Preloading 0 native plugins for Editor in 0.00 ms.
Unloading 2076 Unused Serialized files (Serialized files now loaded: 0)
System memory in use before: 93.0 MB.
System memory in use after: 92.9 MB.

Unloading 21 unused Assets to reduce memory usage. Loaded Objects now: 2547.
Total: 2.338100 ms (FindLiveObjects: 0.190600 ms CreateObjectMapping: 0.071800 ms MarkObjects: 1.950900 ms  DeleteObjects: 0.123700 ms)

========================================================================
Received Prepare
Registering precompiled user dll's ...
Registered in 0.002218 seconds.
Begin MonoManager ReloadAssembly
Native extension for WindowsStandalone target not found
Native extension for WebGL target not found
Refreshing native plugins compatible for Editor in 0.37 ms, found 3 plugins.
Preloading 0 native plugins for Editor in 0.00 ms.
Mono: successfully reloaded assembly
- Completed reload, in  0.809 seconds
Platform modules already initialized, skipping
Refreshing native plugins compatible for Editor in 0.38 ms, found 3 plugins.
Preloading 0 native plugins for Editor in 0.00 ms.
Unloading 2076 Unused Serialized files (Serialized files now loaded: 0)
System memory in use before: 93.0 MB.
System memory in use after: 93.0 MB.

Unloading 21 unused Assets to reduce memory usage. Loaded Objects now: 2551.
Total: 2.133500 ms (FindLiveObjects: 0.171300 ms CreateObjectMapping: 0.059300 ms MarkObjects: 1.815500 ms  DeleteObjects: 0.086600 ms)

========================================================================
Received Prepare
Registering precompiled user dll's ...
Registered in 0.002204 seconds.
Begin MonoManager ReloadAssembly
Native extension for WindowsStandalone target not found
Native extension for WebGL target not found
Refreshing native plugins compatible for Editor in 0.40 ms, found 3 plugins.
Preloading 0 native plugins for Editor in 0.00 ms.
Mono: successfully reloaded assembly
- Completed reload, in  0.806 seconds
Platform modules already initialized, skipping
Refreshing native plugins compatible for Editor in 0.39 ms, found 3 plugins.
Preloading 0 native plugins for Editor in 0.00 ms.
Unloading 2076 Unused Serialized files (Serialized files now loaded: 0)
System memory in use before: 93.0 MB.
System memory in use after: 93.0 MB.

Unloading 21 unused Assets to reduce memory usage. Loaded Objects now: 2555.
Total: 2.106700 ms (FindLiveObjects: 0.176300 ms CreateObjectMapping: 0.058500 ms MarkObjects: 1.782400 ms  DeleteObjects: 0.088900 ms)

========================================================================
Received Prepare
Registering precompiled user dll's ...
Registered in 0.002588 seconds.
Begin MonoManager ReloadAssembly
Native extension for WindowsStandalone target not found
Native extension for WebGL target not found
Refreshing native plugins compatible for Editor in 0.38 ms, found 3 plugins.
Preloading 0 native plugins for Editor in 0.00 ms.
Mono: successfully reloaded assembly
- Completed reload, in  0.817 seconds
Platform modules already initialized, skipping
Refreshing native plugins compatible for Editor in 0.40 ms, found 3 plugins.
Preloading 0 native plugins for Editor in 0.00 ms.
Unloading 2076 Unused Serialized files (Serialized files now loaded: 0)
System memory in use before: 93.0 MB.
System memory in use after: 93.0 MB.

Unloading 21 unused Assets to reduce memory usage. Loaded Objects now: 2559.
Total: 1.982200 ms (FindLiveObjects: 0.213500 ms CreateObjectMapping: 0.066300 ms MarkObjects: 1.573900 ms  DeleteObjects: 0.127600 ms)

========================================================================
Received Prepare
Registering precompiled user dll's ...
Registered in 0.002163 seconds.
Begin MonoManager ReloadAssembly
Native extension for WindowsStandalone target not found
Native extension for WebGL target not found
Refreshing native plugins compatible for Editor in 0.38 ms, found 3 plugins.
Preloading 0 native plugins for Editor in 0.00 ms.
Mono: successfully reloaded assembly
- Completed reload, in  0.792 seconds
Platform modules already initialized, skipping
Refreshing native plugins compatible for Editor in 0.38 ms, found 3 plugins.
Preloading 0 native plugins for Editor in 0.00 ms.
Unloading 2076 Unused Serialized files (Serialized files now loaded: 0)
System memory in use before: 93.0 MB.
System memory in use after: 93.0 MB.

Unloading 21 unused Assets to reduce memory usage. Loaded Objects now: 2563.
Total: 1.990700 ms (FindLiveObjects: 0.156400 ms CreateObjectMapping: 0.066100 ms MarkObjects: 1.645900 ms  DeleteObjects: 0.121500 ms)

========================================================================
Received Import Request.
  Time since last request: 4892.183195 seconds.
  path: Assets/Scenes/gameOverScene.unity
  artifactKey: Guid(8338a0b07faa91148bdaef02b82fe396) Importer(815301076,1909f56bfc062723c751e8b465ee728b)
Start importing Assets/Scenes/gameOverScene.unity using Guid(8338a0b07faa91148bdaef02b82fe396) Importer(815301076,1909f56bfc062723c751e8b465ee728b)  -> (artifact id: '0f63811888e39f96790f561039fb3c53') in 0.012850 seconds
  Import took 0.015830 seconds .

========================================================================
Received Prepare
Registering precompiled user dll's ...
Registered in 0.003163 seconds.
Begin MonoManager ReloadAssembly
Native extension for WindowsStandalone target not found
Native extension for WebGL target not found
Refreshing native plugins compatible for Editor in 0.41 ms, found 3 plugins.
Preloading 0 native plugins for Editor in 0.00 ms.
Mono: successfully reloaded assembly
- Completed reload, in  0.802 seconds
Platform modules already initialized, skipping
Refreshing native plugins compatible for Editor in 0.37 ms, found 3 plugins.
Preloading 0 native plugins for Editor in 0.00 ms.
Unloading 2076 Unused Serialized files (Serialized files now loaded: 0)
System memory in use before: 93.0 MB.
System memory in use after: 93.0 MB.

Unloading 21 unused Assets to reduce memory usage. Loaded Objects now: 2567.
Total: 2.054700 ms (FindLiveObjects: 0.173400 ms CreateObjectMapping: 0.060100 ms MarkObjects: 1.733900 ms  DeleteObjects: 0.086600 ms)

========================================================================
Received Prepare
Registering precompiled user dll's ...
Registered in 0.002331 seconds.
Begin MonoManager ReloadAssembly
Native extension for WindowsStandalone target not found
Native extension for WebGL target not found
Refreshing native plugins compatible for Editor in 0.37 ms, found 3 plugins.
Preloading 0 native plugins for Editor in 0.00 ms.
Mono: successfully reloaded assembly
- Completed reload, in  0.791 seconds
Platform modules already initialized, skipping
Refreshing native plugins compatible for Editor in 0.37 ms, found 3 plugins.
Preloading 0 native plugins for Editor in 0.00 ms.
Unloading 2076 Unused Serialized files (Serialized files now loaded: 0)
System memory in use before: 93.0 MB.
System memory in use after: 93.0 MB.

Unloading 21 unused Assets to reduce memory usage. Loaded Objects now: 2571.
Total: 2.268800 ms (FindLiveObjects: 0.169800 ms CreateObjectMapping: 0.058100 ms MarkObjects: 1.955100 ms  DeleteObjects: 0.084900 ms)

========================================================================
Received Import Request.
  Time since last request: 52.501235 seconds.
  path: Assets/Scenes/gameOverScene 1.unity
  artifactKey: Guid(6f51ccb2af998d84e832a22530a3a699) Importer(815301076,1909f56bfc062723c751e8b465ee728b)
Start importing Assets/Scenes/gameOverScene 1.unity using Guid(6f51ccb2af998d84e832a22530a3a699) Importer(815301076,1909f56bfc062723c751e8b465ee728b)  -> (artifact id: '75299eea6d402332a1b60d7c587b5644') in 0.007987 seconds
  Import took 0.010615 seconds .

========================================================================
Received Import Request.
  Time since last request: 7.693978 seconds.
  path: Assets/Scenes/winScene.unity
  artifactKey: Guid(8338a0b07faa91148bdaef02b82fe396) Importer(815301076,1909f56bfc062723c751e8b465ee728b)
Start importing Assets/Scenes/winScene.unity using Guid(8338a0b07faa91148bdaef02b82fe396) Importer(815301076,1909f56bfc062723c751e8b465ee728b)  -> (artifact id: 'aabb5d3e3f0eae7149fc78c8e4a29b44') in 0.001329 seconds
  Import took 0.003951 seconds .

========================================================================
Received Import Request.
  Time since last request: 93.782687 seconds.
  path: Assets/Scenes/startScene 1.unity
  artifactKey: Guid(3785bb47a12105343b2afadffc4dc463) Importer(815301076,1909f56bfc062723c751e8b465ee728b)
Start importing Assets/Scenes/startScene 1.unity using Guid(3785bb47a12105343b2afadffc4dc463) Importer(815301076,1909f56bfc062723c751e8b465ee728b)  -> (artifact id: '3a4d81d3e961de1691a761918a267f82') in 0.001717 seconds
  Import took 0.004477 seconds .

========================================================================
Received Import Request.
  Time since last request: 7.706532 seconds.
  path: Assets/Scenes/winScene.unity
  artifactKey: Guid(3785bb47a12105343b2afadffc4dc463) Importer(815301076,1909f56bfc062723c751e8b465ee728b)
Start importing Assets/Scenes/winScene.unity using Guid(3785bb47a12105343b2afadffc4dc463) Importer(815301076,1909f56bfc062723c751e8b465ee728b)  -> (artifact id: 'cb9467a9e712a6e220a006a96d79c949') in 0.001257 seconds
  Import took 0.004187 seconds .

========================================================================
Received Prepare
Registering precompiled user dll's ...
Registered in 0.002400 seconds.
Begin MonoManager ReloadAssembly
Native extension for WindowsStandalone target not found
Native extension for WebGL target not found
Refreshing native plugins compatible for Editor in 0.43 ms, found 3 plugins.
Preloading 0 native plugins for Editor in 0.00 ms.
Mono: successfully reloaded assembly
- Completed reload, in  0.792 seconds
Platform modules already initialized, skipping
Refreshing native plugins compatible for Editor in 0.39 ms, found 3 plugins.
Preloading 0 native plugins for Editor in 0.00 ms.
Unloading 2076 Unused Serialized files (Serialized files now loaded: 0)
System memory in use before: 93.1 MB.
System memory in use after: 93.0 MB.

Unloading 21 unused Assets to reduce memory usage. Loaded Objects now: 2575.
Total: 1.957700 ms (FindLiveObjects: 0.164400 ms CreateObjectMapping: 0.071900 ms MarkObjects: 1.617900 ms  DeleteObjects: 0.102700 ms)

========================================================================
Received Import Request.
  Time since last request: 253.482587 seconds.
  path: Assets/Scenes/winScene.unity
  artifactKey: Guid(3785bb47a12105343b2afadffc4dc463) Importer(815301076,1909f56bfc062723c751e8b465ee728b)
Start importing Assets/Scenes/winScene.unity using Guid(3785bb47a12105343b2afadffc4dc463) Importer(815301076,1909f56bfc062723c751e8b465ee728b)  -> (artifact id: '398e326da3f045e392f9e288bbfc22b0') in 0.008549 seconds
  Import took 0.011599 seconds .

========================================================================
Received Import Request.
  Time since last request: 8.971870 seconds.
  path: Assets/Audio
  artifactKey: Guid(a613a4731df0f404caf2c11884d7ef55) Importer(815301076,1909f56bfc062723c751e8b465ee728b)
Start importing Assets/Audio using Guid(a613a4731df0f404caf2c11884d7ef55) Importer(815301076,1909f56bfc062723c751e8b465ee728b)  -> (artifact id: '5f8b36fe53fb0c77d71edd88b0eb60c6') in 0.001215 seconds
  Import took 0.003997 seconds .

========================================================================
Received Import Request.
  Time since last request: 0.058985 seconds.
  path: Assets/Audio/gameSceneSound.wav
  artifactKey: Guid(e1670a0eac153bf42997c555313ecfe8) Importer(815301076,1909f56bfc062723c751e8b465ee728b)
Start importing Assets/Audio/gameSceneSound.wav using Guid(e1670a0eac153bf42997c555313ecfe8) Importer(815301076,1909f56bfc062723c751e8b465ee728b)  -> (artifact id: 'a5924e68aca89418ffa260c659b75584') in 0.079453 seconds
  Import took 0.082323 seconds .

========================================================================
Received Import Request.
  Time since last request: 0.000334 seconds.
  path: Assets/Audio/startSceneSound.wav
  artifactKey: Guid(a84cd333dbe64e841a449f1d8e051f2e) Importer(815301076,1909f56bfc062723c751e8b465ee728b)
Start importing Assets/Audio/startSceneSound.wav using Guid(a84cd333dbe64e841a449f1d8e051f2e) Importer(815301076,1909f56bfc062723c751e8b465ee728b)  -> (artifact id: '2f25cacc556dc16a0e4fe357eb606fd7') in 0.006466 seconds
  Import took 0.009009 seconds .

========================================================================
Received Prepare
Registering precompiled user dll's ...
Registered in 0.002553 seconds.
Begin MonoManager ReloadAssembly
Native extension for WindowsStandalone target not found
Native extension for WebGL target not found
Refreshing native plugins compatible for Editor in 0.43 ms, found 3 plugins.
Preloading 0 native plugins for Editor in 0.00 ms.
Mono: successfully reloaded assembly
- Completed reload, in  0.795 seconds
Platform modules already initialized, skipping
Refreshing native plugins compatible for Editor in 0.38 ms, found 3 plugins.
Preloading 0 native plugins for Editor in 0.00 ms.
Unloading 2076 Unused Serialized files (Serialized files now loaded: 0)
System memory in use before: 96.1 MB.
System memory in use after: 96.0 MB.

Unloading 21 unused Assets to reduce memory usage. Loaded Objects now: 2588.
Total: 2.193700 ms (FindLiveObjects: 0.167400 ms CreateObjectMapping: 0.071000 ms MarkObjects: 1.830400 ms  DeleteObjects: 0.124200 ms)

========================================================================
Received Import Request.
  Time since last request: 169.950957 seconds.
  path: Assets/Audio/Musica do Manual do Mundo.mp3
  artifactKey: Guid(e50e6ee073715e84aa964f8666e4d46a) Importer(815301076,1909f56bfc062723c751e8b465ee728b)
Start importing Assets/Audio/Musica do Manual do Mundo.mp3 using Guid(e50e6ee073715e84aa964f8666e4d46a) Importer(815301076,1909f56bfc062723c751e8b465ee728b)  -> (artifact id: '7101394866e884d251da5d44b27a9fd1') in 0.040144 seconds
  Import took 0.043674 seconds .

AssetImportWorkerClient::OnTransportError - code=2 error=End of file
